\BOOKMARK [0][-]{chapter.1}{\376\377\000I\000n\000t\000r\000o\000d\000u\000c\000t\000i\000o\000n}{}% 1
\BOOKMARK [1][-]{section.1.1}{\376\377\000C\000o\000n\000t\000e\000x\000t\000e}{chapter.1}% 2
\BOOKMARK [1][-]{section.1.2}{\376\377\000P\000r\000o\000b\000l\000\351\000m\000a\000t\000i\000q\000u\000e}{chapter.1}% 3
\BOOKMARK [1][-]{section.1.3}{\376\377\000P\000l\000a\000n\000\040\000o\000u\000\040\000C\000o\000n\000t\000r\000i\000b\000u\000t\000i\000o\000n\000s\000\040\000o\000u\000\040\000O\000r\000g\000a\000n\000i\000z\000a\000t\000i\000o\000n}{chapter.1}% 4
\BOOKMARK [0][-]{chapter.2}{\376\377\000\311\000t\000a\000t\000\040\000d\000e\000\040\000l\040\031\000a\000r\000t\000\040\000o\000u\000\040\000F\000o\000n\000d\000a\000t\000i\000o\000n\000s}{}% 5
\BOOKMARK [1][-]{section.2.1}{\376\377\000F\000o\000n\000d\000e\000m\000e\000n\000t\000s\000\040\000b\000i\000o\000l\000o\000g\000i\000q\000u\000e\000s\000\040\000e\000t\000\040\000p\000s\000y\000c\000h\000o\000l\000o\000g\000i\000q\000u\000e\000s}{chapter.2}% 6
\BOOKMARK [2][-]{subsection.2.1.1}{\376\377\000B\000i\000o\000l\000o\000g\000i\000q\000u\000e\000s}{section.2.1}% 7
\BOOKMARK [2][-]{subsection.2.1.2}{\376\377\000P\000s\000y\000c\000h\000o\000l\000o\000g\000i\000q\000u\000e\000s}{section.2.1}% 8
\BOOKMARK [1][-]{section.2.2}{\376\377\000F\000o\000n\000d\000e\000m\000e\000n\000t\000s\000\040\000e\000n\000\040\000r\000o\000b\000o\000t\000i\000q\000u\000e\000\040\000d\000\351\000v\000e\000l\000o\000p\000p\000e\000m\000e\000n\000t\000a\000l\000e\000\040\000e\000t\000\040\000I\000A}{chapter.2}% 9
\BOOKMARK [2][-]{subsection.2.2.1}{\376\377\000R\000o\000b\000o\000t\000i\000q\000u\000e\000\040\000d\000u\000\040\000d\000\351\000v\000e\000l\000o\000p\000p\000e\000m\000e\000n\000t}{section.2.2}% 10
\BOOKMARK [2][-]{subsection.2.2.2}{\376\377\000R\000o\000b\000o\000t\000i\000q\000u\000e\000\040\000\351\000v\000o\000l\000u\000t\000i\000o\000n\000n\000a\000i\000r\000e}{section.2.2}% 11
\BOOKMARK [2][-]{subsection.2.2.3}{\376\377\000I\000A\000\040\000A\000g\000e\000n\000t\000s\000\040\000d\000'\000a\000p\000p\000r\000e\000n\000t\000i\000s\000s\000a\000g\000e}{section.2.2}% 12
\BOOKMARK [1][-]{section.2.3}{\376\377\000R\000e\000p\000r\000\351\000s\000e\000n\000t\000a\000t\000i\000o\000n\000s\000\040\000d\000a\000n\000s\000\040\000u\000n\000e\000\040\000i\000n\000t\000e\000l\000l\000i\000g\000e\000n\000c\000e\000\040\000g\000\351\000n\000\351\000r\000a\000l\000i\000s\000t\000e\000\040\000i\000n\000c\000a\000r\000n\000\351\000e}{chapter.2}% 13
\BOOKMARK [1][-]{section.2.4}{\376\377\000C\000h\000a\000l\000l\000e\000n\000g\000e}{chapter.2}% 14
\BOOKMARK [2][-]{subsection.2.4.1}{\376\377\000L\000i\000m\000i\000t\000e\000s\000\040\000d\000e\000s\000\040\000m\000\351\000t\000h\000o\000d\000e\000s\000\040\000e\000x\000i\000s\000t\000a\000n\000t\000e\000s\000\040\000:\000\040\000r\000e\000p\000r\000\351\000s\000e\000n\000t\000a\000t\000i\000o\000n\000s\000\040\000p\000r\000\351\000d\000\351\000f\000i\000n\000i\000e\000s\000\040\041\222\000\040\000p\000r\000o\000b\000l\000\350\000m\000e\000s\000\040\000d\000e\000\040\000b\000i\000a\000i\000s\000\040\000e\000t\000\040\000d\000'\000a\000n\000c\000r\000a\000g\000e\000\040\000d\000e\000s\000\040\000s\000y\000m\000b\000o\000l\000e\000s}{section.2.4}% 15
\BOOKMARK [0][-]{chapter.3}{\376\377\000C\000a\000d\000r\000e\000\040\000c\000o\000n\000c\000e\000p\000t\000u\000e\000l\000\040\000p\000r\000o\000p\000o\000s\000\351}{}% 16
\BOOKMARK [1][-]{section.3.1}{\376\377\000D\000\351\000f\000i\000n\000i\000t\000i\000o\000n\000\040\000e\000t\000\040\000c\000l\000a\000s\000s\000i\000f\000i\000c\000a\000t\000i\000o\000n\000\040\000d\000e\000\040\000l\000a\000\040\000r\000e\000p\000r\000\351\000s\000e\000n\000t\000a\000t\000i\000o\000n}{chapter.3}% 17
\BOOKMARK [1][-]{section.3.2}{\376\377\000A\000c\000c\000u\000m\000u\000l\000a\000t\000i\000o\000n\000\040\000d\000e\000s\000\040\000n\000i\000v\000e\000a\000u\000x\000\040\000d\000e\000\040\000c\000o\000m\000p\000\351\000t\000e\000n\000c\000e\000\040\041\222\000\040\000\311\000m\000e\000r\000g\000e\000n\000c\000e\000\040\000d\000e\000\040\000l\000a\000\040\000r\000e\000p\000r\000\351\000s\000e\000n\000t\000a\000t\000i\000o\000n}{chapter.3}% 18
\BOOKMARK [1][-]{section.3.3}{\376\377\000R\000e\000d\000\351\000f\000i\000n\000i\000r\000\040\000l\000e\000s\000\040\000p\000\351\000r\000i\000o\000d\000e\000s\000\040\000c\000r\000i\000t\000i\000q\000u\000e\000s\000\040\000d\000a\000n\000s\000\040\000l\000'\000I\000A\000\040}{chapter.3}% 19
\BOOKMARK [1][-]{section.3.4}{\376\377\000C\000a\000d\000r\000e\000\040\000d\000e\000\040\000r\000e\000c\000h\000e\000r\000c\000h\000e\000\040}{chapter.3}% 20
\BOOKMARK [2][-]{subsection.3.4.1}{\376\377\000B\000a\000s\000e\000:\000M\000i\000n\000d\000,\000C\000o\000m\000p\000\351\000t\000e\000n\000c\000e\000s\000\040\000h\000i\000\351\000r\000a\000r\000c\000h\000i\000q\000u\000e\000s\000\040}{section.3.4}% 21
\BOOKMARK [2][-]{subsection.3.4.2}{\376\377\000C\000a\000d\000r\000e\000\040\000d\000e\000\040\000r\000e\000c\000h\000e\000r\000c\000h\000e\000\040}{section.3.4}% 22
\BOOKMARK [2][-]{subsection.3.4.3}{\376\377\000M\000\351\000c\000a\000n\000i\000s\000m\000e\000\040\000:\000\040\000C\000u\000r\000r\000i\000c\000u\000l\000u\000m\000\040\000l\000e\000a\000r\000n\000i\000n\000g\000,\000\040\000f\000o\000n\000c\000t\000i\000o\000n\000\040\000d\000e\000\040\000r\000\351\000c\000o\000m\000p\000e\000n\000s\000e\000\040\000a\000d\000a\000p\000t\000a\000t\000i\000v\000e\000\040}{section.3.4}% 23
\BOOKMARK [2][-]{subsection.3.4.4}{\376\377\000C\000r\000i\000t\000\350\000r\000e\000s\000\040\000d\000e\000\040\000r\000e\000p\000r\000\351\000s\000e\000n\000t\000a\000t\000i\000o\000n}{section.3.4}% 24
\BOOKMARK [0][-]{chapter.4}{\376\377\000M\000\351\000t\000h\000o\000d\000o\000l\000o\000g\000i\000e\000\040\000g\000\351\000n\000\351\000r\000a\000l\000e}{}% 25
\BOOKMARK [1][-]{section.4.1}{\376\377\000P\000l\000a\000t\000e\000f\000o\000r\000m\000e\000\040\000d\000e\000\040\000s\000i\000m\000u\000l\000a\000t\000i\000o\000n}{chapter.4}% 26
\BOOKMARK [1][-]{section.4.2}{\376\377\000A\000p\000p\000r\000o\000c\000h\000e\000s\000\040\000d\000e\000\040\000m\000o\000d\000\351\000l\000i\000s\000a\000t\000i\000o\000n\000\040\000p\000o\000u\000r\000\040\000l\000e\000s\000\040\000c\000o\000m\000p\000\351\000t\000e\000n\000c\000e\000s\000\040\000e\000t\000\040\000l\000e\000s\000\040\000v\000a\000r\000i\000a\000b\000l\000e\000s\000\040\000d\000e\000\040\000r\000e\000p\000r\000\351\000s\000e\000n\000t\000a\000t\000i\000o\000n}{chapter.4}% 27
\BOOKMARK [1][-]{section.4.3}{\376\377\000S\000t\000r\000a\000t\000\351\000g\000i\000e\000s\000\040\000d\000e\000\040\000c\000o\000n\000t\000r\000\364\000l\000e\000\040\000p\000o\000u\000r\000\040\000l\000e\000s\000\040\000p\000r\000o\000g\000r\000a\000m\000m\000e\000s\000\040\000s\000c\000o\000l\000a\000i\000r\000e\000s\000\040\000e\000t\000\040\000l\000e\000s\000\040\000p\000\351\000r\000i\000o\000d\000e\000s\000\040\000c\000r\000i\000t\000i\000q\000u\000e\000s\000\040\000\050\000d\000i\000f\000f\000i\000c\000u\000l\000t\000\351\000\040\000p\000r\000o\000g\000r\000e\000s\000s\000i\000v\000e\000\040\000d\000e\000s\000\040\000t\000\342\000c\000h\000e\000s\000,\000\040\000i\000n\000t\000r\000o\000d\000u\000c\000t\000i\000o\000n\000\040\000m\000o\000d\000a\000l\000e\000\040\000g\000r\000a\000d\000u\000e\000l\000l\000e\000\051}{chapter.4}% 28
\BOOKMARK [1][-]{section.4.4}{\376\377\000L\000o\000g\000i\000q\000u\000e\000\040\000d\000e\000\040\000c\000o\000n\000c\000e\000p\000t\000i\000o\000n\000\040\000e\000x\000p\000\351\000r\000i\000m\000e\000n\000t\000a\000l\000e\000\040\000:\000\040\000d\000e\000\040\000l\000a\000\040\000r\000e\000p\000r\000\351\000s\000e\000n\000t\000a\000t\000i\000o\000n\000\040\000l\000a\000\040\000p\000l\000u\000s\000\040\000s\000i\000m\000p\000l\000e\000\040\000\340\000\040\000l\000'\000e\000x\000t\000e\000n\000s\000i\000o\000n\000\040\000e\000t\000\040\000\340\000\040\000l\000'\000a\000p\000p\000r\000o\000f\000o\000n\000d\000i\000s\000s\000e\000m\000e\000n\000t\000\040\000u\000l\000t\000\351\000r\000i\000e\000u\000r\000s}{chapter.4}% 29
\BOOKMARK [0][-]{chapter.5}{\376\377\000\311\000t\000u\000d\000e\000s\000\040\000e\000x\000p\000\351\000r\000i\000m\000e\000n\000t\000a\000l\000e\000s}{}% 30
\BOOKMARK [1][-]{section.5.1}{\376\377\000R\000e\000p\000r\000\351\000s\000e\000n\000t\000a\000t\000i\000o\000n\000\040\000i\000n\000i\000t\000i\000a\000l\000e}{chapter.5}% 31
\BOOKMARK [2][-]{subsection.5.1.1}{\376\377\000E\000x\000p\0001\000:\000\040\000V\000i\000t\000e\000s\000s\000e}{section.5.1}% 32
\BOOKMARK [2][-]{subsection.5.1.2}{\376\377\000E\000x\000p\0002\000:\000\040\000A\000t\000t\000r\000i\000b\000u\000t\000i\000o\000n\000\040\000c\000a\000u\000s\000a\000l\000e}{section.5.1}% 33
\BOOKMARK [2][-]{subsection.5.1.3}{\376\377\000A\000n\000a\000l\000y\000s\000e\000\040\000d\000e\000s\000\040\000r\000\351\000s\000u\000l\000t\000a\000t\000s}{section.5.1}% 34
\BOOKMARK [1][-]{section.5.2}{\376\377\000L\000e\000\040\000r\000\364\000l\000e\000\040\000d\000e\000s\000\040\000p\000\351\000r\000i\000o\000d\000e\000s\000\040\000c\000r\000i\000t\000i\000q\000u\000e\000s}{chapter.5}% 35
\BOOKMARK [2][-]{subsection.5.2.1}{\376\377\000E\000x\000p\0003\000:\000\040\000M\000a\000n\000i\000p\000u\000l\000a\000t\000i\000o\000n\000\040\000d\000e\000\040\000l\000a\000\040\000f\000e\000n\000\352\000t\000r\000e\000\040\000d\000'\000a\000p\000p\000r\000e\000n\000t\000i\000s\000s\000a\000g\000e\000\040\000\050\000p\000r\000\351\000c\000o\000c\000e\000\040\000v\000s\000\040\000t\000a\000r\000d\000i\000v\000e\000\051}{section.5.2}% 36
\BOOKMARK [2][-]{subsection.5.2.2}{\376\377\000A\000n\000a\000l\000y\000s\000e\000\040\000d\000e\000s\000\040\000r\000\351\000s\000u\000l\000t\000a\000t\000s}{section.5.2}% 37
\BOOKMARK [1][-]{section.5.3}{\376\377\000L\000'\000\351\000v\000o\000l\000u\000t\000i\000o\000n\000\040\000d\000e\000s\000\040\000r\000e\000p\000r\000\351\000s\000e\000n\000t\000a\000t\000i\000o\000n\000s\000\040\000c\000o\000m\000p\000l\000e\000x\000e\000s}{chapter.5}% 38
\BOOKMARK [2][-]{subsection.5.3.1}{\376\377\000E\000x\000p\0004\000:\000\040\000I\000n\000t\000\351\000g\000r\000a\000t\000i\000o\000n\000\040\000m\000u\000l\000t\000i\000m\000o\000d\000a\000l\000e\000\040\000\050\000d\000i\000s\000t\000a\000n\000c\000e\000\040\000+\000\040\000a\000n\000g\000l\000e\000\040\000+\000\040\000c\000h\000a\000r\000g\000e\000\051}{section.5.3}% 39
\BOOKMARK [2][-]{subsection.5.3.2}{\376\377\000A\000n\000a\000l\000y\000s\000e\000\040\000d\000e\000s\000\040\000r\000\351\000s\000u\000l\000t\000a\000t\000s}{section.5.3}% 40
\BOOKMARK [1][-]{section.5.4}{\376\377\000S\000y\000s\000t\000\350\000m\000e\000s\000\040\000m\000u\000l\000t\000i\000-\000a\000g\000e\000n\000t\000s\000\040\000e\000t\000\040\000r\000e\000p\000r\000\351\000s\000e\000n\000t\000a\000t\000i\000o\000n\000\040\000s\000o\000c\000i\000a\000l\000e}{chapter.5}% 41
\BOOKMARK [2][-]{subsection.5.4.1}{\376\377\000E\000x\000p\0005\000:\000\040\000C\000o\000l\000l\000a\000b\000o\000r\000a\000t\000i\000o\000n\000\040\000o\000u\000\040\000p\000a\000r\000t\000a\000g\000e\000\040\000d\000e\000\040\000s\000i\000g\000n\000a\000u\000x\000\051}{section.5.4}% 42
\BOOKMARK [2][-]{subsection.5.4.2}{\376\377\000A\000n\000a\000l\000y\000s\000e\000\040\000d\000e\000s\000\040\000r\000\351\000s\000u\000l\000t\000a\000t\000s}{section.5.4}% 43
\BOOKMARK [0][-]{chapter.6}{\376\377\000A\000n\000a\000l\000y\000s\000e\000\040\000e\000t\000\040\000d\000i\000s\000c\000u\000s\000s\000i\000o\000n}{}% 44
\BOOKMARK [1][-]{section.6.1}{\376\377\000C\000o\000m\000p\000\351\000t\000e\000n\000c\000e\000\040\000v\000s\000\040\000r\000e\000p\000r\000\351\000s\000e\000n\000t\000a\000t\000i\000o\000n\000,\000\040\000p\000\351\000r\000i\000o\000d\000e\000\040\000c\000r\000i\000t\000i\000q\000u\000e\000\040\000v\000s\000\040\000p\000r\000e\000s\000s\000i\000o\000n\000\040\000s\000\351\000l\000e\000c\000t\000i\000v\000e\000\040\000I\000n\000f\000l\000u\000e\000n\000c\000e\000\040\000e\000n\000v\000i\000r\000o\000n\000n\000e\000m\000e\000n\000t\000a\000l\000e\000\040\000S\000i\000g\000n\000a\000l\000i\000s\000a\000t\000i\000o\000n\000\040\000d\000e\000\040\000l\000'\000e\000n\000s\000e\000i\000g\000n\000a\000n\000t}{chapter.6}% 45
\BOOKMARK [0][-]{chapter.7}{\376\377\000P\000e\000r\000s\000p\000e\000c\000t\000i\000v\000e\000s\000\040\000e\000t\000\040\000c\000o\000n\000c\000l\000u\000s\000i\000o\000n}{}% 46
